Determining if the pthread_create exist failed with the following output:
Change Dir: /data/zzg/EmotionChallenge_68_pl_flip/crop_align/build/CMakeFiles/CMakeTmp

Run Build Command:"/usr/bin/make" "cmTC_e017c/fast"
/usr/bin/make -f CMakeFiles/cmTC_e017c.dir/build.make CMakeFiles/cmTC_e017c.dir/build
make[1]: Entering directory '/data/zzg/EmotionChallenge_68_pl_flip/crop_align/build/CMakeFiles/CMakeTmp'
Building C object CMakeFiles/cmTC_e017c.dir/CheckSymbolExists.c.o
/usr/bin/cc    -fPIC    -o CMakeFiles/cmTC_e017c.dir/CheckSymbolExists.c.o   -c /data/zzg/EmotionChallenge_68_pl_flip/crop_align/build/CMakeFiles/CMakeTmp/CheckSymbolExists.c
Linking C executable cmTC_e017c
/usr/bin/cmake -E cmake_link_script CMakeFiles/cmTC_e017c.dir/link.txt --verbose=1
/usr/bin/cc  -fPIC     CMakeFiles/cmTC_e017c.dir/CheckSymbolExists.c.o  -o cmTC_e017c -rdynamic 
CMakeFiles/cmTC_e017c.dir/CheckSymbolExists.c.o: In function `main':
CheckSymbolExists.c:(.text+0x1b): undefined reference to `pthread_create'
collect2: error: ld returned 1 exit status
CMakeFiles/cmTC_e017c.dir/build.make:97: recipe for target 'cmTC_e017c' failed
make[1]: *** [cmTC_e017c] Error 1
make[1]: Leaving directory '/data/zzg/EmotionChallenge_68_pl_flip/crop_align/build/CMakeFiles/CMakeTmp'
Makefile:126: recipe for target 'cmTC_e017c/fast' failed
make: *** [cmTC_e017c/fast] Error 2

File /data/zzg/EmotionChallenge_68_pl_flip/crop_align/build/CMakeFiles/CMakeTmp/CheckSymbolExists.c:
/* */
#include <pthread.h>

int main(int argc, char** argv)
{
  (void)argv;
#ifndef pthread_create
  return ((int*)(&pthread_create))[argc];
#else
  (void)argc;
  return 0;
#endif
}

Determining if the function pthread_create exists in the pthreads failed with the following output:
Change Dir: /data/zzg/EmotionChallenge_68_pl_flip/crop_align/build/CMakeFiles/CMakeTmp

Run Build Command:"/usr/bin/make" "cmTC_5d9aa/fast"
/usr/bin/make -f CMakeFiles/cmTC_5d9aa.dir/build.make CMakeFiles/cmTC_5d9aa.dir/build
make[1]: Entering directory '/data/zzg/EmotionChallenge_68_pl_flip/crop_align/build/CMakeFiles/CMakeTmp'
Building C object CMakeFiles/cmTC_5d9aa.dir/CheckFunctionExists.c.o
/usr/bin/cc    -fPIC -DCHECK_FUNCTION_EXISTS=pthread_create   -o CMakeFiles/cmTC_5d9aa.dir/CheckFunctionExists.c.o   -c /usr/share/cmake-3.5/Modules/CheckFunctionExists.c
Linking C executable cmTC_5d9aa
/usr/bin/cmake -E cmake_link_script CMakeFiles/cmTC_5d9aa.dir/link.txt --verbose=1
/usr/bin/cc  -fPIC -DCHECK_FUNCTION_EXISTS=pthread_create    CMakeFiles/cmTC_5d9aa.dir/CheckFunctionExists.c.o  -o cmTC_5d9aa -rdynamic -lpthreads 
/usr/bin/ld: cannot find -lpthreads
collect2: error: ld returned 1 exit status
CMakeFiles/cmTC_5d9aa.dir/build.make:97: recipe for target 'cmTC_5d9aa' failed
make[1]: *** [cmTC_5d9aa] Error 1
make[1]: Leaving directory '/data/zzg/EmotionChallenge_68_pl_flip/crop_align/build/CMakeFiles/CMakeTmp'
Makefile:126: recipe for target 'cmTC_5d9aa/fast' failed
make: *** [cmTC_5d9aa/fast] Error 2


